<?xml version="1.0" encoding="UTF-8"?>
<!-- Generated by org.testng.reporters.JUnitReportReporter -->
<testsuite hostname="JSP-TRA-30-PC" name="script.VerifyProductVersion" tests="1" failures="0" timestamp="3 Dec 2016 06:34:51 GMT" time="9.665" errors="0">
  <testcase name="testVerifyProductVersion" time="9.665" classname="script.VerifyProductVersion"/>
</testsuite> <!-- script.VerifyProductVersion -->
