<?xml version="1.0" encoding="UTF-8"?>
<!-- Generated by org.testng.reporters.JUnitReportReporter -->
<testsuite hostname="JSP-TRA-30-PC" name="script.ValidLoginLogout" tests="2" failures="0" timestamp="16 Dec 2016 12:58:11 GMT" time="159.248" errors="0">
  <testcase name="testValidLoginLogout" time="77.920" classname="script.ValidLoginLogout"/>
  <testcase name="testValidLoginLogout" time="81.328" classname="script.ValidLoginLogout"/>
</testsuite> <!-- script.ValidLoginLogout -->
