<?xml version="1.0" encoding="UTF-8"?>
<!-- Generated by org.testng.reporters.JUnitReportReporter -->
<testsuite hostname="JSP-TRA-30-PC" name="script.VerifyProductVersion" tests="2" failures="0" timestamp="16 Dec 2016 12:58:11 GMT" time="32.020" errors="0">
  <testcase name="testVerifyProductVersion" time="17.638" classname="script.VerifyProductVersion"/>
  <testcase name="testVerifyProductVersion" time="14.382" classname="script.VerifyProductVersion"/>
</testsuite> <!-- script.VerifyProductVersion -->
