<?xml version="1.0" encoding="UTF-8"?>
<!-- Generated by org.testng.reporters.JUnitReportReporter -->
<testsuite hostname="JSP-TRA-30-PC" name="script.ValidLoginLogout" tests="2" failures="0" timestamp="4 Dec 2016 05:18:46 GMT" time="33.092" errors="0">
  <testcase name="testValidLoginLogout" time="17.928" classname="script.ValidLoginLogout"/>
  <testcase name="testValidLoginLogout" time="15.164" classname="script.ValidLoginLogout"/>
</testsuite> <!-- script.ValidLoginLogout -->
