<?xml version="1.0" encoding="UTF-8"?>
<!-- Generated by org.testng.reporters.JUnitReportReporter -->
<testsuite hostname="JSP-TRA-30-PC" name="script.VerifyProductVersion" tests="2" failures="0" timestamp="4 Dec 2016 05:18:46 GMT" time="22.952" errors="0">
  <testcase name="testVerifyProductVersion" time="9.849" classname="script.VerifyProductVersion"/>
  <testcase name="testVerifyProductVersion" time="13.103" classname="script.VerifyProductVersion"/>
</testsuite> <!-- script.VerifyProductVersion -->
