<?xml version="1.0" encoding="UTF-8"?>
<!-- Generated by org.testng.reporters.JUnitReportReporter -->
<testsuite hostname="JSP-TRA-30-PC" name="script.ValidLoginLogout" tests="1" failures="0" timestamp="3 Dec 2016 05:51:42 GMT" time="14.203" errors="0">
  <testcase name="testValidLoginLogout" time="14.203" classname="script.ValidLoginLogout"/>
</testsuite> <!-- script.ValidLoginLogout -->
