<?xml version="1.0" encoding="UTF-8"?>
<!-- Generated by org.testng.reporters.JUnitReportReporter -->
<testsuite hostname="JSP-TRA-30-PC" name="script.InvalidLogin" tests="1" failures="0" timestamp="3 Dec 2016 06:18:59 GMT" time="11.166" errors="0">
  <testcase name="testInvalidLogin" time="11.166" classname="script.InvalidLogin"/>
</testsuite> <!-- script.InvalidLogin -->
